Q	0	-0.103	-0.796	-3.303
W	0	0.164	-0.796	-3.303
E	0	0.618	-0.796	-3.303
A	0	0.763	-0.796	-3.303
S	0	0.414	-0.796	-3.303
D	0	-0.023	-0.796	-3.303
Q	0	-0.229	-0.796	-3.303
W	0	-0.408	-0.796	-3.303
E	0	-0.164	-0.796	-3.303
A	0	-0.263	-0.796	-3.303
S	0	-0.456	-0.796	-3.303
D	0	-0.425	-0.796	-3.303
Q	0	-0.58	-0.796	-3.303
W	0	-0.761	-0.796	-3.303
E	0	-0.772	-0.796	-3.303
A	0	-1.095	-0.796	-3.303
S	0	-1.165	-0.796	-3.303
D	0	-1.52	-0.796	-3.303
Q	0	-1.385	-0.796	-3.303
W	0	-1.552	-0.796	-3.303
E	0	-1.356	-0.796	-3.303
A	0	-1.541	-0.796	-3.303
S	0	-1.513	-0.796	-3.303
D	0	-1.52	-0.796	-3.303
Q	0	-1.385	-0.796	-3.303
W	0	-1.552	-0.796	-3.303
E	0	-1.356	-0.796	-3.303
A	0	-1.541	-0.796	-3.303
S	0	-1.513	-0.796	-3.303
D	0	-1.52	-0.796	-3.303
Q	0	-1.385	-0.796	-3.303
W	0	-1.552	-0.796	-3.303
E	0	-1.356	-0.796	-3.303
A	0	-1.541	-0.796	-3.303
S	0	-1.513	-0.796	-3.303
D	0	-1.52	-0.796	-3.303
Q	0	-1.242	-0.796	-3.303
W	0	-1.055	-0.796	-3.303
E	0	-1.064	-0.796	-3.303
A	0	-1.176	-0.796	-3.303
S	0	-1.016	-0.796	-3.303
D	0	-0.994	-0.796	-3.303
Q	0	-0.858	-0.796	-3.303
W	0	-0.536	-0.796	-3.303
E	0	-0.805	-0.796	-3.303
A	0	-0.995	-0.796	-3.303
S	0	-0.74	-0.796	-3.303
D	0	-0.85	-0.796	-3.303
Q	0	-0.737	-0.796	-3.303
W	0	-0.57	-0.796	-3.303
E	0	-0.631	-0.796	-3.303
A	0	-0.985	-0.796	-3.303
S	0	-0.741	-0.796	-3.303
